Removed Pin From Net: NetName=AUGND Pin=C34-1
Removed Pin From Net: NetName=AUGND Pin=C35-1
Removed Member From Class: ClassName=9.RGB&TOUCH Member=J6
Added Component: Designator=C17(0603C)
Added Component: Designator=C18(0603C)
Added Component: Designator=J5(1.25-4P)
Added Component: Designator=L7(0603L)
Added Component: Designator=L8(0603L)
Added Pin To Net: NetName=AUGND Pin=C17-2
Added Pin To Net: NetName=AUGND Pin=C18-2
Added Pin To Net: NetName=AUGND Pin=C34-2
Added Pin To Net: NetName=AUGND Pin=C35-2
Added Pin To Net: NetName=NetC17_1 Pin=C17-1
Added Pin To Net: NetName=NetC17_1 Pin=J5-3
Added Pin To Net: NetName=NetC17_1 Pin=L7-2
Added Net: Name=NetC17_1
Added Pin To Net: NetName=NetC18_1 Pin=C18-1
Added Pin To Net: NetName=NetC18_1 Pin=J5-4
Added Pin To Net: NetName=NetC18_1 Pin=L8-2
Added Net: Name=NetC18_1
Added Pin To Net: NetName=NetC34_1 Pin=C34-1
Added Pin To Net: NetName=NetC34_1 Pin=J5-1
Added Pin To Net: NetName=NetC34_1 Pin=L4-2
Added Net: Name=NetC34_1
Added Pin To Net: NetName=NetC35_1 Pin=C35-1
Added Pin To Net: NetName=NetC35_1 Pin=J5-2
Added Pin To Net: NetName=NetC35_1 Pin=L5-2
Added Net: Name=NetC35_1
Added Pin To Net: NetName=NetL7_1 Pin=L7-1
Added Pin To Net: NetName=NetL7_1 Pin=U4-22
Added Net: Name=NetL7_1
Added Pin To Net: NetName=NetL8_1 Pin=L8-1
Added Pin To Net: NetName=NetL8_1 Pin=U4-19
Added Net: Name=NetL8_1
Added Member To Class: ClassName=9.RGB&TOUCH Member=Component C17 470pF
Added Member To Class: ClassName=9.RGB&TOUCH Member=Component C18 470pF
Added Member To Class: ClassName=9.RGB&TOUCH Member=Component J5 SPEAK
Added Member To Class: ClassName=9.RGB&TOUCH Member=Component L7 电感
Added Member To Class: ClassName=9.RGB&TOUCH Member=Component L8 电感
