Removed Pin From Net: NetName=AUGND Pin=C17-1
Removed Pin From Net: NetName=AUGND Pin=C18-1
Removed Pin From Net: NetName=AUGND Pin=C19-1
Removed Pin From Net: NetName=AUGND Pin=C20-1
Removed Pin From Net: NetName=+3.3V Pin=C20-2
Removed Pin From Net: NetName=AUGND Pin=C21-2
Removed Pin From Net: NetName=AUGND Pin=C22-2
Removed Pin From Net: NetName=AUGND Pin=C23-2
Removed Pin From Net: NetName=AUGND Pin=C24-2
Removed Pin From Net: NetName=AUGND Pin=C25-1
Removed Pin From Net: NetName=AUGND Pin=C26-1
Removed Pin From Net: NetName=AUGND Pin=C27-1
Removed Pin From Net: NetName=AUGND Pin=C28-1
Removed Pin From Net: NetName=AUGND Pin=C29-1
Removed Pin From Net: NetName=+3.3V Pin=R25-2
Removed Pin From Net: NetName=+3.3V Pin=R30-2
Removed Pin From Net: NetName=+3.3V Pin=R31-2
Removed Pin From Net: NetName=+3.3V Pin=R32-2
Removed Pin From Net: NetName=+3.3V Pin=R33-2
Removed Pin From Net: NetName=+3.3V Pin=R34-2
Removed Pin From Net: NetName=ENET1_RXD0 Pin=R35-2
Removed Pin From Net: NetName=ENET1_RXD1 Pin=R36-2
Removed Pin From Net: NetName=ENET1_CRS_DV Pin=R37-2
Removed Pin From Net: NetName=AUGND Pin=R39-2
Removed Pin From Net: NetName=+3.3V Pin=R40-2
Removed Pin From Net: NetName=ENET1_RXER Pin=R42-1
Removed Pin From Net: NetName=AUGND Pin=R43-2
Removed Pin From Net: NetName=ENET1_TX_CLK Pin=R44-2
Removed Pin From Net: NetName=AUGND Pin=R45-1
Removed Pin From Net: NetName=AUGND Pin=R46-1
Removed Pin From Net: NetName=+3.3V Pin=U3-9
Removed Pin From Net: NetName=ENET1_TXEN Pin=U3-16
Removed Pin From Net: NetName=ENET1_TXD0 Pin=U3-17
Removed Pin From Net: NetName=ENET1_TXD1 Pin=U3-18
Removed Pin From Net: NetName=AUGND Pin=U3-25
Removed Member From Class: ClassName=2.ETH Member=C17
Removed Member From Class: ClassName=2.ETH Member=C18
Removed Member From Class: ClassName=2.ETH Member=C19
Removed Member From Class: ClassName=2.ETH Member=C20
Removed Member From Class: ClassName=2.ETH Member=C21
Removed Member From Class: ClassName=2.ETH Member=C22
Removed Member From Class: ClassName=2.ETH Member=C23
Removed Member From Class: ClassName=2.ETH Member=C24
Removed Member From Class: ClassName=2.ETH Member=C25
Removed Member From Class: ClassName=2.ETH Member=C26
Removed Member From Class: ClassName=2.ETH Member=C27
Removed Member From Class: ClassName=2.ETH Member=C28
Removed Member From Class: ClassName=2.ETH Member=C29
Removed Member From Class: ClassName=2.ETH Member=J5
Removed Member From Class: ClassName=2.ETH Member=R25
Removed Member From Class: ClassName=2.ETH Member=R26
Removed Member From Class: ClassName=2.ETH Member=R27
Removed Member From Class: ClassName=2.ETH Member=R28
Removed Member From Class: ClassName=2.ETH Member=R29
Removed Member From Class: ClassName=2.ETH Member=R30
Removed Member From Class: ClassName=2.ETH Member=R31
Removed Member From Class: ClassName=2.ETH Member=R32
Removed Member From Class: ClassName=2.ETH Member=R33
Removed Member From Class: ClassName=2.ETH Member=R34
Removed Member From Class: ClassName=2.ETH Member=R35
Removed Member From Class: ClassName=2.ETH Member=R36
Removed Member From Class: ClassName=2.ETH Member=R37
Removed Member From Class: ClassName=2.ETH Member=R38
Removed Member From Class: ClassName=2.ETH Member=R39
Removed Member From Class: ClassName=2.ETH Member=R40
Removed Member From Class: ClassName=2.ETH Member=R41
Removed Member From Class: ClassName=2.ETH Member=R42
Removed Member From Class: ClassName=2.ETH Member=R43
Removed Member From Class: ClassName=2.ETH Member=R44
Removed Member From Class: ClassName=2.ETH Member=R45
Removed Member From Class: ClassName=2.ETH Member=R46
Removed Member From Class: ClassName=2.ETH Member=U3
Added Room: Name=0.CONNECTOR
Added Room: Name=1.POWER
Added Room: Name=2.ETH
Added Room: Name=9.RGB&TOUCH
