Removed Pin From Net: NetName=LCD_DE Pin=P5-2
Removed Pin From Net: NetName=LCD_PCLK Pin=P5-3
Removed Pin From Net: NetName=LCD_VSYNC Pin=P5-4
Removed Pin From Net: NetName=LCD_HSYNC Pin=P5-5
Removed Pin From Net: NetName=AUGND Pin=P5-6
Removed Pin From Net: NetName=LCD_DATA0 Pin=P5-7
Removed Pin From Net: NetName=LCD_DATA1 Pin=P5-8
Removed Pin From Net: NetName=LCD_DATA2 Pin=P5-9
Removed Pin From Net: NetName=LCD_DATA3 Pin=P5-10
Removed Pin From Net: NetName=LCD_DATA4 Pin=P5-11
Removed Pin From Net: NetName=LCD_DATA5 Pin=P5-12
Removed Pin From Net: NetName=LCD_DATA6 Pin=P5-13
Removed Pin From Net: NetName=LCD_DATA7 Pin=P5-14
Removed Pin From Net: NetName=AUGND Pin=P5-15
Removed Pin From Net: NetName=LCD_DATA8 Pin=P5-16
Removed Pin From Net: NetName=LCD_DATA9 Pin=P5-17
Removed Pin From Net: NetName=LCD_DATA10 Pin=P5-18
Removed Pin From Net: NetName=LCD_DATA11 Pin=P5-19
Removed Pin From Net: NetName=LCD_DATA12 Pin=P5-20
Removed Pin From Net: NetName=LCD_DATA13 Pin=P5-21
Removed Pin From Net: NetName=LCD_DATA14 Pin=P5-22
Removed Pin From Net: NetName=LCD_DATA15 Pin=P5-23
Removed Pin From Net: NetName=AUGND Pin=P5-24
Removed Pin From Net: NetName=LCD_DATA16 Pin=P5-25
Removed Pin From Net: NetName=LCD_DATA18 Pin=P5-27
Removed Pin From Net: NetName=LCD_DATA19 Pin=P5-28
Removed Pin From Net: NetName=LCD_DATA20 Pin=P5-29
Removed Pin From Net: NetName=LCD_DATA21 Pin=P5-30
Removed Pin From Net: NetName=LCD_DATA22 Pin=P5-31
Removed Pin From Net: NetName=LCD_DATA23 Pin=P5-32
Removed Pin From Net: NetName=AUGND Pin=P5-33
Removed Pin From Net: NetName=AUGND Pin=P5-44
Removed Pin From Net: NetName=AUGND Pin=P5-50
Added Pin To Net: NetName=AUGND Pin=P5-2
Added Pin To Net: NetName=AUGND Pin=P5-8
Added Pin To Net: NetName=AUGND Pin=P5-19
Added Pin To Net: NetName=LCD_DATA23 Pin=P5-20
Added Pin To Net: NetName=LCD_DATA22 Pin=P5-21
Added Pin To Net: NetName=LCD_DATA21 Pin=P5-22
Added Pin To Net: NetName=LCD_DATA20 Pin=P5-23
Added Pin To Net: NetName=LCD_DATA19 Pin=P5-24
Added Pin To Net: NetName=LCD_DATA18 Pin=P5-25
Added Pin To Net: NetName=LCD_DATA16 Pin=P5-27
Added Pin To Net: NetName=AUGND Pin=P5-28
Added Pin To Net: NetName=LCD_DATA15 Pin=P5-29
Added Pin To Net: NetName=LCD_DATA14 Pin=P5-30
Added Pin To Net: NetName=LCD_DATA13 Pin=P5-31
Added Pin To Net: NetName=LCD_DATA12 Pin=P5-32
Added Pin To Net: NetName=LCD_DATA11 Pin=P5-33
Added Pin To Net: NetName=LCD_DATA10 Pin=P5-34
Added Pin To Net: NetName=LCD_DATA9 Pin=P5-35
Added Pin To Net: NetName=LCD_DATA8 Pin=P5-36
Added Pin To Net: NetName=AUGND Pin=P5-37
Added Pin To Net: NetName=LCD_DATA7 Pin=P5-38
Added Pin To Net: NetName=LCD_DATA6 Pin=P5-39
Added Pin To Net: NetName=LCD_DATA5 Pin=P5-40
Added Pin To Net: NetName=LCD_DATA4 Pin=P5-41
Added Pin To Net: NetName=LCD_DATA3 Pin=P5-42
Added Pin To Net: NetName=LCD_DATA2 Pin=P5-43
Added Pin To Net: NetName=LCD_DATA1 Pin=P5-44
Added Pin To Net: NetName=LCD_DATA0 Pin=P5-45
Added Pin To Net: NetName=AUGND Pin=P5-46
Added Pin To Net: NetName=LCD_HSYNC Pin=P5-47
Added Pin To Net: NetName=LCD_VSYNC Pin=P5-48
Added Pin To Net: NetName=LCD_PCLK Pin=P5-49
Added Pin To Net: NetName=LCD_DE Pin=P5-50
Added Pin To Net: NetName=NetP5_5 Pin=P5-5
Added Pin To Net: NetName=NetP5_5 Pin=R55-2
Added Net: Name=NetP5_5
Added Pin To Net: NetName=NetP5_9 Pin=P5-9
Added Pin To Net: NetName=NetP5_9 Pin=R56-2
Added Net: Name=NetP5_9
Added Pin To Net: NetName=NetP5_10 Pin=P5-10
Added Pin To Net: NetName=NetP5_10 Pin=R58-2
Added Net: Name=NetP5_10
Added Pin To Net: NetName=NetP5_15 Pin=P5-15
Added Pin To Net: NetName=NetP5_15 Pin=R60-2
Added Net: Name=NetP5_15
