Removed Pin From Net: NetName=GND Pin=C1-2
Removed Pin From Net: NetName=GND Pin=C2-2
Removed Pin From Net: NetName=GND Pin=C4-1
Removed Pin From Net: NetName=GEN_3V3 Pin=C4-2
Removed Pin From Net: NetName=GND Pin=C5-2
Removed Pin From Net: NetName=GEN_3V3 Pin=C10-1
Removed Pin From Net: NetName=5VIN Pin=C12-2
Removed Pin From Net: NetName=GND Pin=C14-1
Removed Pin From Net: NetName=GEN_3V3 Pin=C14-2
Removed Pin From Net: NetName=5VIN Pin=C18-1
Removed Pin From Net: NetName=GND Pin=C19-1
Removed Pin From Net: NetName=GEN_3V3 Pin=C19-2
Removed Pin From Net: NetName=5VIN Pin=D3-1
Removed Pin From Net: NetName=GEN_3V3 Pin=D5-1
Removed Pin From Net: NetName=GND Pin=P1-8
Removed Pin From Net: NetName=GEN_3V3 Pin=P1-9
Removed Pin From Net: NetName=GND Pin=P1-11
Removed Pin From Net: NetName=GND Pin=P1-13
Removed Pin From Net: NetName=GND Pin=P1-14
Removed Pin From Net: NetName=5VIN Pin=P5-1
Removed Pin From Net: NetName=GEN_3V3 Pin=R1-2
Removed Pin From Net: NetName=GEN_3V3 Pin=R2-2
Removed Pin From Net: NetName=GEN_3V3 Pin=R3-2
Removed Pin From Net: NetName=GEN_3V3 Pin=R4-2
Removed Pin From Net: NetName=GEN_3V3 Pin=R5-2
Removed Pin From Net: NetName=GND Pin=R8-1
Removed Pin From Net: NetName=ENET_RX_ER Pin=R8-2
Removed Pin From Net: NetName=GND Pin=R9-1
Removed Pin From Net: NetName=ENET_NINT Pin=R10-1
Removed Pin From Net: NetName=GEN_3V3 Pin=R10-2
Removed Pin From Net: NetName=GEN_3V3 Pin=R11-2
Removed Pin From Net: NetName=GND Pin=R12-2
Removed Pin From Net: NetName=ENET_REF_CLK Pin=R19-2
Removed Pin From Net: NetName=5VIN Pin=R20-1
Removed Pin From Net: NetName=ENET_MDIO Pin=R21-1
Removed Pin From Net: NetName=GEN_3V3 Pin=R21-2
Removed Pin From Net: NetName=GEN_3V3 Pin=R24-1
Removed Pin From Net: NetName=ENET_NRST Pin=R24-2
Removed Pin From Net: NetName=NetR19_1 Pin=U2-5
Removed Pin From Net: NetName=ENET_RXD1 Pin=U2-7
Removed Pin From Net: NetName=ENET_RXD0 Pin=U2-8
Removed Pin From Net: NetName=GEN_3V3 Pin=U2-9
Removed Pin From Net: NetName=ENET_RX_ER Pin=U2-10
Removed Pin From Net: NetName=ENET_CRS_DV Pin=U2-11
Removed Pin From Net: NetName=ENET_MDIO Pin=U2-12
Removed Pin From Net: NetName=ENET_MDC Pin=U2-13
Removed Pin From Net: NetName=ENET_NINT Pin=U2-14
Removed Pin From Net: NetName=ENET_NRST Pin=U2-15
Removed Pin From Net: NetName=ENET_TX_EN Pin=U2-16
Removed Pin From Net: NetName=ENET_TXD0 Pin=U2-17
Removed Pin From Net: NetName=ENET_TXD1 Pin=U2-18
Removed Pin From Net: NetName=GND Pin=U2-25
Removed Pin From Net: NetName=GEN_3V3 Pin=U4-2
Removed Pin From Net: NetName=3P3V Pin=U4-5
Removed Pin From Net: NetName=GND Pin=U4-6
Removed Pin From Net: NetName=STANDBY Pin=U5-24
Removed Member From Class: ClassName=DLP Member=C19
Removed Member From Class: ClassName=DLP Member=R24
Change Component Footprint: Designator=C14 Old Footprint=0603 New Footprint=C1206
Change Component Footprint: Designator=U2 Old Footprint=QFN24_4X4MM New Footprint=G3524
Change Component Footprint: Designator=U4 Old Footprint=SOT223-6 New Footprint=WSON8
Change Component Comment : Designator=R19 Old Comment=0R New Comment=4.3K
Change Component Comment : Designator=R21 Old Comment=1.5K New Comment=680R
Change Component Comment : Designator=R6 Old Comment=1K New Comment=Res1
Change Component Comment : Designator=R7 Old Comment=1K New Comment=Res1
Change Component Comment : Designator=R8 Old Comment=10K New Comment=Res1
Change Component Comment : Designator=R10 Old Comment=10K New Comment=Res1
Change Component Comment : Designator=R1 Old Comment=10R New Comment=Res1
Change Component Comment : Designator=R9 Old Comment=12.1K New Comment=Res1
Change Component Comment : Designator=R12 Old Comment=43K New Comment=Res1
Change Component Comment : Designator=R2 Old Comment=49R9 New Comment=Res1
Change Component Comment : Designator=R3 Old Comment=49R9 New Comment=Res1
Change Component Comment : Designator=R4 Old Comment=49R9 New Comment=Res1
Change Component Comment : Designator=R5 Old Comment=49R9 New Comment=Res1
Change Component Comment : Designator=R11 Old Comment=75K New Comment=Res1
Change Component Comment : Designator=C14 Old Comment=100nF New Comment=47uF
Change Component Comment : Designator=C1 Old Comment=104 New Comment=Cap
Change Component Comment : Designator=C2 Old Comment=104 New Comment=Cap
Change Component Comment : Designator=C3 Old Comment=104 New Comment=Cap
Change Component Comment : Designator=C5 Old Comment=104 New Comment=Cap
Change Component Comment : Designator=C4 Old Comment=104 New Comment=Cap Pol3
Change Component Comment : Designator=C6 Old Comment=105 New Comment=Cap
Change Component Comment : Designator=C18 Old Comment=106 New Comment=0.1uF
Change Component Comment : Designator=L1 Old Comment=120 OHM@100MHz New Comment=2.2uH
Change Component Comment : Designator=C10 Old Comment=470uF/16V New Comment=10uF
Change Component Comment : Designator=P1 Old Comment=HR911105A New Comment=MircoSIM
Change Component Comment : Designator=U2 Old Comment=LAN8720A New Comment=G3524
Change Component Comment : Designator=U4 Old Comment=TPS73701 New Comment=TLV62084
Added Component: Designator=A1(IPEX)
Added Component: Designator=C9(0603)
Added Component: Designator=C17(C1206)
Added Component: Designator=D1(0603)
Added Component: Designator=D6(0603)
Added Component: Designator=D7(0603)
Added Pin To Net: NetName=GND Pin=A1-2
Added Pin To Net: NetName=GND Pin=A1-3
Added Pin To Net: NetName=GND Pin=C1-1
Added Pin To Net: NetName=GND Pin=C2-1
Added Pin To Net: NetName=GEN_3V3 Pin=C4-1
Added Pin To Net: NetName=GND Pin=C4-2
Added Pin To Net: NetName=GND Pin=C5-1
Added Pin To Net: NetName=GEN_3V3 Pin=C5-2
Added Pin To Net: NetName=GND Pin=C9-2
Added Pin To Net: NetName=5VIN Pin=C10-1
Added Pin To Net: NetName=GEN_3V3 Pin=C14-1
Added Pin To Net: NetName=GND Pin=C14-2
Added Pin To Net: NetName=GEN_3V3 Pin=C17-1
Added Pin To Net: NetName=GND Pin=C17-2
Added Pin To Net: NetName=GEN_3V3 Pin=C18-1
Added Pin To Net: NetName=GND Pin=D1-2
Added Pin To Net: NetName=GND Pin=D6-2
Added Pin To Net: NetName=GND Pin=D7-2
Added Pin To Net: NetName=GND Pin=P1-5
Added Pin To Net: NetName=UART3_TXD Pin=R6-2
Added Pin To Net: NetName=UART3_RXD Pin=R7-2
Added Pin To Net: NetName=GEN_3V3 Pin=R10-1
Added Pin To Net: NetName=GEN_3V3 Pin=R11-1
Added Pin To Net: NetName=GEN_3V3 Pin=R19-2
Added Pin To Net: NetName=GND Pin=R21-1
Added Pin To Net: NetName=NetR19_1 Pin=R21-2
Added Pin To Net: NetName=GND Pin=U2-1
Added Pin To Net: NetName=GND Pin=U2-31
Added Pin To Net: NetName=GEN_3V3 Pin=U2-33
Added Pin To Net: NetName=GEN_3V3 Pin=U2-34
Added Pin To Net: NetName=GND Pin=U2-35
Added Pin To Net: NetName=GND Pin=U2-36
Added Pin To Net: NetName=GND Pin=U2-37
Added Pin To Net: NetName=GND Pin=U2-38
Added Pin To Net: NetName=GND Pin=U2-40
Added Pin To Net: NetName=GND Pin=U4-2
Added Pin To Net: NetName=GND Pin=U4-2
Added Pin To Net: NetName=NetR19_1 Pin=U4-4
Added Pin To Net: NetName=GEN_3V3 Pin=U4-5
Added Pin To Net: NetName=5VIN Pin=U4-8
Added Pin To Net: NetName=STANDBY Pin=U5-23
Change Net Name : Old Net Name=5VIN New Net Name=+5V
Change Net Name : Old Net Name=GEN_3V3 New Net Name=+3.3V
Added Pin To Net: NetName=5VIN Pin=C12-2
Added Pin To Net: NetName=5VIN Pin=D3-1
Added Pin To Net: NetName=5VIN Pin=P5-1
Added Pin To Net: NetName=5VIN Pin=R20-1
Added Net: Name=5VIN
Added Pin To Net: NetName=GEN_3V3 Pin=D5-1
Added Net: Name=GEN_3V3
Added Pin To Net: NetName=GSM_PW Pin=R8-2
Added Pin To Net: NetName=GSM_PW Pin=U5-24
Added Net: Name=GSM_PW
Added Pin To Net: NetName=GSM_RST Pin=R9-2
Added Pin To Net: NetName=GSM_RST Pin=U5-25
Added Net: Name=GSM_RST
Added Pin To Net: NetName=LINK_LED Pin=R2-2
Added Net: Name=LINK_LED
Added Pin To Net: NetName=NetA1_1 Pin=A1-1
Added Pin To Net: NetName=NetA1_1 Pin=U2-39
Added Net: Name=NetA1_1
Added Pin To Net: NetName=NetC9_1 Pin=C9-1
Added Pin To Net: NetName=NetC9_1 Pin=U2-11
Added Net: Name=NetC9_1
Added Pin To Net: NetName=NetD8_1 Pin=R10-2
Added Net: Name=NetD8_1
Added Net: Name=NetD8_2
Added Pin To Net: NetName=NetD9_1 Pin=R11-2
Added Net: Name=NetD9_1
Added Net: Name=NetD9_2
Added Pin To Net: NetName=NetL1_1 Pin=L1-1
Added Pin To Net: NetName=NetL1_1 Pin=U4-7
Added Net: Name=NetL1_1
Added Pin To Net: NetName=NetQ1_2 Pin=R8-1
Added Net: Name=NetQ1_2
Added Pin To Net: NetName=NetQ1_3 Pin=U2-10
Added Net: Name=NetQ1_3
Added Pin To Net: NetName=NetQ2_2 Pin=R9-1
Added Net: Name=NetQ2_2
Added Pin To Net: NetName=NetR2_1 Pin=R2-1
Added Pin To Net: NetName=NetR2_1 Pin=U2-13
Added Net: Name=NetR2_1
Added Pin To Net: NetName=NetR3_2 Pin=R3-2
Added Pin To Net: NetName=NetR3_2 Pin=U2-30
Added Net: Name=NetR3_2
Added Pin To Net: NetName=NetR4_2 Pin=R4-2
Added Pin To Net: NetName=NetR4_2 Pin=U2-29
Added Net: Name=NetR4_2
Added Pin To Net: NetName=NetR5_2 Pin=R5-2
Added Pin To Net: NetName=NetR5_2 Pin=U2-28
Added Net: Name=NetR5_2
Added Pin To Net: NetName=NetR6_1 Pin=R6-1
Added Pin To Net: NetName=NetR6_1 Pin=U2-22
Added Net: Name=NetR6_1
Added Pin To Net: NetName=NetR7_1 Pin=R7-1
Added Pin To Net: NetName=NetR7_1 Pin=U2-21
Added Net: Name=NetR7_1
Added Pin To Net: NetName=NetR12_1 Pin=R12-1
Added Pin To Net: NetName=NetR12_1 Pin=U2-20
Added Net: Name=NetR12_1
Added Pin To Net: NetName=SIM_CLK Pin=C2-2
Added Pin To Net: NetName=SIM_CLK Pin=D1-1
Added Pin To Net: NetName=SIM_CLK Pin=P1-3
Added Pin To Net: NetName=SIM_CLK Pin=R3-1
Added Net: Name=SIM_CLK
Added Pin To Net: NetName=SIM_DAT Pin=C3-1
Added Pin To Net: NetName=SIM_DAT Pin=D6-1
Added Pin To Net: NetName=SIM_DAT Pin=P1-7
Added Pin To Net: NetName=SIM_DAT Pin=R4-1
Added Net: Name=SIM_DAT
Added Pin To Net: NetName=SIM_RST Pin=C6-1
Added Pin To Net: NetName=SIM_RST Pin=D7-1
Added Pin To Net: NetName=SIM_RST Pin=P1-2
Added Pin To Net: NetName=SIM_RST Pin=R5-1
Added Net: Name=SIM_RST
Added Pin To Net: NetName=STAT Pin=R1-1
Added Pin To Net: NetName=STAT Pin=U2-12
Added Net: Name=STAT
Added Pin To Net: NetName=VDD3.0 Pin=R12-2
Added Pin To Net: NetName=VDD3.0 Pin=U2-19
Added Net: Name=VDD3.0
Added Pin To Net: NetName=VSIM Pin=C1-2
Added Pin To Net: NetName=VSIM Pin=P1-1
Added Pin To Net: NetName=VSIM Pin=U2-27
Added Net: Name=VSIM
Added Pin To Net: NetName=WORK_LED Pin=R1-2
Added Net: Name=WORK_LED
Added Member To Class: ClassName=DLP Member=Component A1 IPEX
Added Member To Class: ClassName=DLP Member=Component C9 Cap
Added Member To Class: ClassName=DLP Member=Component C17 47uF
Added Member To Class: ClassName=DLP Member=Component D1 RL0603E012M100K
Added Member To Class: ClassName=DLP Member=Component D6 RL0603E012M100K
Added Member To Class: ClassName=DLP Member=Component D7 RL0603E012M100K
